<?xml version="1.0" encoding="UTF-8"?>
<!-- Generated by org.testng.reporters.JUnitReportReporter -->
<testsuite skipped="0" hostname="User" name="TestNG.SecondTest" tests="3" failures="0" timestamp="27 Jul 2019 16:09:48 GMT" time="12.817" errors="0">
  <testcase name="FindFlights" time="4.062" classname="TestNG.SecondTest"/>
  <testcase name="SelectFlight" time="3.422" classname="TestNG.SecondTest"/>
  <testcase name="PurchaseFlight" time="5.333" classname="TestNG.SecondTest"/>
</testsuite> <!-- TestNG.SecondTest -->
